[debug] [2022-06-25T14:30:30.956Z] ----------------------------------------------------------------------
[debug] [2022-06-25T14:30:30.959Z] Command:       C:\Program Files\nodejs\node.exe C:\Users\ale\AppData\Roaming\npm\node_modules\firebase-tools\lib\bin\firebase.js init
[debug] [2022-06-25T14:30:30.960Z] CLI Version:   11.1.0
[debug] [2022-06-25T14:30:30.961Z] Platform:      win32
[debug] [2022-06-25T14:30:30.961Z] Node Version:  v16.14.0
[debug] [2022-06-25T14:30:30.962Z] Time:          Sat Jun 25 2022 11:30:30 GMT-0300 (hora estándar de Argentina)
[debug] [2022-06-25T14:30:30.963Z] ----------------------------------------------------------------------
[debug] 
[debug] [2022-06-25T14:30:31.115Z] > command requires scopes: ["email","openid","https://www.googleapis.com/auth/cloudplatformprojects.readonly","https://www.googleapis.com/auth/firebase","https://www.googleapis.com/auth/cloud-platform"]
[debug] [2022-06-25T14:30:31.117Z] > authorizing via signed-in user (saludmentalplena@gmail.com)
[info] 
     ######## #### ########  ######## ########     ###     ######  ########
     ##        ##  ##     ## ##       ##     ##  ##   ##  ##       ##
     ######    ##  ########  ######   ########  #########  ######  ######
     ##        ##  ##    ##  ##       ##     ## ##     ##       ## ##
     ##       #### ##     ## ######## ########  ##     ##  ######  ########

You're about to initialize a Firebase project in this directory:

  C:\Users\ale

Before we get started, keep in mind:

  * You are initializing within an existing Firebase project directory

[info] 
=== Project Setup
[info] 
[info] First, let's associate this project directory with a Firebase project.
[info] You can create multiple project aliases by running firebase use --add, 
[info] but for now we'll just set up a default project.
[info] 
[debug] [2022-06-25T14:30:53.156Z] Using project from CLI flag: argentinaprograma-8c843
[debug] [2022-06-25T14:30:53.162Z] >>> [apiv2][query] GET https://firebase.googleapis.com/v1beta1/projects/argentinaprograma-8c843 [none]
[debug] [2022-06-25T14:30:54.332Z] <<< [apiv2][status] GET https://firebase.googleapis.com/v1beta1/projects/argentinaprograma-8c843 403
[debug] [2022-06-25T14:30:54.332Z] <<< [apiv2][body] GET https://firebase.googleapis.com/v1beta1/projects/argentinaprograma-8c843 {"error":{"code":403,"message":"The caller does not have permission","status":"PERMISSION_DENIED"}}
[debug] [2022-06-25T14:30:54.333Z] HTTP Error: 403, The caller does not have permission
[debug] [2022-06-25T14:30:54.590Z] FirebaseError: HTTP Error: 403, The caller does not have permission
    at responseToError (C:\Users\ale\AppData\Roaming\npm\node_modules\firebase-tools\lib\responseToError.js:49:12)
    at RetryOperation._fn (C:\Users\ale\AppData\Roaming\npm\node_modules\firebase-tools\lib\apiv2.js:287:77)
    at processTicksAndRejections (node:internal/process/task_queues:96:5)
[error] 
[error] Error: Failed to get Firebase project argentinaprograma-8c843. Please make sure the project exists and your account has permission to access it.
